<?xml version="1.0" encoding="UTF-8"?>
<!-- Generated by org.testng.reporters.JUnitXMLReporter -->
<testsuite hostname="DHSENGAR01" ignored="0" name="Test" tests="3" failures="1" timestamp="24 Jul 2018 02:12:59 GMT" time="22.09" errors="0">
  <testcase name="testCase1" time="21.259" classname="com.example.test.testcases.LoginTest">
    <failure type="java.lang.AssertionError" message="null">
      <![CDATA[java.lang.AssertionError: null
	at com.example.test.testcases.LoginTest.testCase1(LoginTest.java:27)
... Removed 36 stack frames]]>
    </failure>
  </testcase> <!-- testCase1 -->
  <testcase name="testCase2" time="0.0" classname="com.example.test.testcases.LoginTest"/>
  <testcase name="testCase3" time="0.0" classname="com.example.test.testcases.LoginTest"/>
</testsuite> <!-- Test -->
